Namespace(cfg_dir='config/va_dulles/', cp=0.1, dims=705, iters=10000, load='output/va_dulles/va_dullesmcts_agent', method='lamcts', n_init_pts=1412, name='va_dulles', out_dir='output/va_dulles/resume/', samples=10000, sim_draws=200, threads=40, treesize=10)
hello!
gamma_type: auto
[]
==========collect 0 points for initializing MCTS==========
lb: [0. 0. 0. 0. 0. 0. 0. 0. 0. 0. 0. 0. 0. 0. 0. 0. 0. 0. 0. 0. 0. 0. 0. 0.
 0. 0. 0. 0. 0. 0. 0. 0. 0. 0. 0. 0. 0. 0. 0. 0. 0. 0. 0. 0. 0. 0. 0. 0.
 0. 0. 0. 0. 0. 0. 0. 0. 0. 0. 0. 0. 0. 0. 0. 0. 0. 0. 0. 0. 0. 0. 0. 0.
 0. 0. 0. 0. 0. 0. 0. 0. 0. 0. 0. 0. 0. 0. 0. 0. 0. 0. 0. 0. 0. 0. 0. 0.
 0. 0. 0. 0. 0. 0. 0. 0. 0. 0. 0. 0. 0. 0. 0. 0. 0. 0. 0. 0. 0. 0. 0. 0.
 0. 0. 0. 0. 0. 0. 0. 0. 0. 0. 0. 0. 0. 0. 0. 0. 0. 0. 0. 0. 0. 0. 0. 0.
 0. 0. 0. 0. 0. 0. 0. 0. 0. 0. 0. 0. 0. 0. 0. 0. 0. 0. 0. 0. 0. 0. 0. 0.
 0. 0. 0. 0. 0. 0. 0. 0. 0. 0. 0. 0. 0. 0. 0. 0. 0. 0. 0. 0. 0. 0. 0. 0.
 0. 0. 0. 0. 0. 0. 0. 0. 0. 0. 0. 0. 0. 0. 0. 0. 0. 0. 0. 0. 0. 0. 0. 0.
 0. 0. 0. 0. 0. 0. 0. 0. 0. 0. 0. 0. 0. 0. 0. 0. 0. 0. 0. 0. 0. 0. 0. 0.
 0. 0. 0. 0. 0. 0. 0. 0. 0. 0. 0. 0. 0. 0. 0. 0. 0. 0. 0. 0. 0. 0. 0. 0.
 0. 0. 0. 0. 0. 0. 0. 0. 0. 0. 0. 0. 0. 0. 0. 0. 0. 0. 0. 0. 0. 0. 0. 0.
 0. 0. 0. 0. 0. 0. 0. 0. 0. 0. 0. 0. 0. 0. 0. 0. 0. 0. 0. 0. 0. 0. 0. 0.
 0. 0. 0. 0. 0. 0. 0. 0. 0. 0. 0. 0. 0. 0. 0. 0. 0. 0. 0. 0. 0. 0. 0. 0.
 0. 0. 0. 0. 0. 0. 0. 0. 0. 0. 0. 0. 0. 0. 0. 0. 0. 0. 0. 0. 0. 0. 0. 0.
 0. 0. 0. 0. 0. 0. 0. 0. 0. 0. 0. 0. 0. 0. 0. 0. 0. 0. 0. 0. 0. 0. 0. 0.
 0. 0. 0. 0. 0. 0. 0. 0. 0. 0. 0. 0. 0. 0. 0. 0. 0. 0. 0. 0. 0. 0. 0. 0.
 0. 0. 0. 0. 0. 0. 0. 0. 0. 0. 0. 0. 0. 0. 0. 0. 0. 0. 0. 0. 0. 0. 0. 0.
 0. 0. 0. 0. 0. 0. 0. 0. 0. 0. 0. 0. 0. 0. 0. 0. 0. 0. 0. 0. 0. 0. 0. 0.
 0. 0. 0. 0. 0. 0. 0. 0. 0. 0. 0. 0. 0. 0. 0. 0. 0. 0. 0. 0. 0. 0. 0. 0.
 0. 0. 0. 0. 0. 0. 0. 0. 0. 0. 0. 0. 0. 0. 0. 0. 0. 0. 0. 0. 0. 0. 0. 0.
 0. 0. 0. 0. 0. 0. 0. 0. 0. 0. 0. 0. 0. 0. 0. 0. 0. 0. 0. 0. 0. 0. 0. 0.
 0. 0. 0. 0. 0. 0. 0. 0. 0. 0. 0. 0. 0. 0. 0. 0. 0. 0. 0. 0. 0. 0. 0. 0.
 0. 0. 0. 0. 0. 0. 0. 0. 0. 0. 0. 0. 0. 0. 0. 0. 0. 0. 0. 0. 0. 0. 0. 0.
 0. 0. 0. 0. 0. 0. 0. 0. 0. 0. 0. 0. 0. 0. 0. 0. 0. 0. 0. 0. 0. 0. 0. 0.
 0. 0. 0. 0. 0. 0. 0. 0. 0. 0. 0. 0. 0. 0. 0. 0. 0. 0. 0. 0. 0. 0. 0. 0.
 0. 0. 0. 0. 0. 0. 0. 0. 0. 0. 0. 0. 0. 0. 0. 0. 0. 0. 0. 0. 0. 0. 0. 0.
 0. 0. 0. 0. 0. 0. 0. 0. 0. 0. 0. 0. 0. 0. 0. 0. 0. 0. 0. 0. 0. 0. 0. 0.
 0. 0. 0. 0. 0. 0. 0. 0. 0. 0. 0. 0. 0. 0. 0. 0. 0. 0. 0. 0. 0. 0. 0. 0.
 0. 0. 0. 0. 0. 0. 0. 0. 0.]
ub: [1. 1. 1. 1. 1. 1. 1. 1. 1. 1. 1. 1. 1. 1. 1. 1. 1. 1. 1. 1. 1. 1. 1. 1.
 1. 1. 1. 1. 1. 1. 1. 1. 1. 1. 1. 1. 1. 1. 1. 1. 1. 1. 1. 1. 1. 1. 1. 1.
 1. 1. 1. 1. 1. 1. 1. 1. 1. 1. 1. 1. 1. 1. 1. 1. 1. 1. 1. 1. 1. 1. 1. 1.
 1. 1. 1. 1. 1. 1. 1. 1. 1. 1. 1. 1. 1. 1. 1. 1. 1. 1. 1. 1. 1. 1. 1. 1.
 1. 1. 1. 1. 1. 1. 1. 1. 1. 1. 1. 1. 1. 1. 1. 1. 1. 1. 1. 1. 1. 1. 1. 1.
 1. 1. 1. 1. 1. 1. 1. 1. 1. 1. 1. 1. 1. 1. 1. 1. 1. 1. 1. 1. 1. 1. 1. 1.
 1. 1. 1. 1. 1. 1. 1. 1. 1. 1. 1. 1. 1. 1. 1. 1. 1. 1. 1. 1. 1. 1. 1. 1.
 1. 1. 1. 1. 1. 1. 1. 1. 1. 1. 1. 1. 1. 1. 1. 1. 1. 1. 1. 1. 1. 1. 1. 1.
 1. 1. 1. 1. 1. 1. 1. 1. 1. 1. 1. 1. 1. 1. 1. 1. 1. 1. 1. 1. 1. 1. 1. 1.
 1. 1. 1. 1. 1. 1. 1. 1. 1. 1. 1. 1. 1. 1. 1. 1. 1. 1. 1. 1. 1. 1. 1. 1.
 1. 1. 1. 1. 1. 1. 1. 1. 1. 1. 1. 1. 1. 1. 1. 1. 1. 1. 1. 1. 1. 1. 1. 1.
 1. 1. 1. 1. 1. 1. 1. 1. 1. 1. 1. 1. 1. 1. 1. 1. 1. 1. 1. 1. 1. 1. 1. 1.
 1. 1. 1. 1. 1. 1. 1. 1. 1. 1. 1. 1. 1. 1. 1. 1. 1. 1. 1. 1. 1. 1. 1. 1.
 1. 1. 1. 1. 1. 1. 1. 1. 1. 1. 1. 1. 1. 1. 1. 1. 1. 1. 1. 1. 1. 1. 1. 1.
 1. 1. 1. 1. 1. 1. 1. 1. 1. 1. 1. 1. 1. 1. 1. 1. 1. 1. 1. 1. 1. 1. 1. 1.
 1. 1. 1. 1. 1. 1. 1. 1. 1. 1. 1. 1. 1. 1. 1. 1. 1. 1. 1. 1. 1. 1. 1. 1.
 1. 1. 1. 1. 1. 1. 1. 1. 1. 1. 1. 1. 1. 1. 1. 1. 1. 1. 1. 1. 1. 1. 1. 1.
 1. 1. 1. 1. 1. 1. 1. 1. 1. 1. 1. 1. 1. 1. 1. 1. 1. 1. 1. 1. 1. 1. 1. 1.
 1. 1. 1. 1. 1. 1. 1. 1. 1. 1. 1. 1. 1. 1. 1. 1. 1. 1. 1. 1. 1. 1. 1. 1.
 1. 1. 1. 1. 1. 1. 1. 1. 1. 1. 1. 1. 1. 1. 1. 1. 1. 1. 1. 1. 1. 1. 1. 1.
 1. 1. 1. 1. 1. 1. 1. 1. 1. 1. 1. 1. 1. 1. 1. 1. 1. 1. 1. 1. 1. 1. 1. 1.
 1. 1. 1. 1. 1. 1. 1. 1. 1. 1. 1. 1. 1. 1. 1. 1. 1. 1. 1. 1. 1. 1. 1. 1.
 1. 1. 1. 1. 1. 1. 1. 1. 1. 1. 1. 1. 1. 1. 1. 1. 1. 1. 1. 1. 1. 1. 1. 1.
 1. 1. 1. 1. 1. 1. 1. 1. 1. 1. 1. 1. 1. 1. 1. 1. 1. 1. 1. 1. 1. 1. 1. 1.
 1. 1. 1. 1. 1. 1. 1. 1. 1. 1. 1. 1. 1. 1. 1. 1. 1. 1. 1. 1. 1. 1. 1. 1.
 1. 1. 1. 1. 1. 1. 1. 1. 1. 1. 1. 1. 1. 1. 1. 1. 1. 1. 1. 1. 1. 1. 1. 1.
 1. 1. 1. 1. 1. 1. 1. 1. 1. 1. 1. 1. 1. 1. 1. 1. 1. 1. 1. 1. 1. 1. 1. 1.
 1. 1. 1. 1. 1. 1. 1. 1. 1. 1. 1. 1. 1. 1. 1. 1. 1. 1. 1. 1. 1. 1. 1. 1.
 1. 1. 1. 1. 1. 1. 1. 1. 1. 1. 1. 1. 1. 1. 1. 1. 1. 1. 1. 1. 1. 1. 1. 1.
 1. 1. 1. 1. 1. 1. 1. 1. 1.]
Cp: 0.1
inits: 0
dims: 705
==========================================================
loading state data
=====>loads: 1412  samples
WARNING: Be sure to restore the state of the function!! It has not been loaded.

==========
iteration: 1412
==========
----------------------------------------------------------------------------------------------------
node0  is good:False  is leaf:False   val:0.0000          uct:inf            sp/n:1412/1412  parent:----       kids:node1     node2     
node1  is good:True   is leaf:False   val:0.0000          uct:6.7590         sp/n:658/658    parent:node0      kids:node3     node4     
node2  is good:False  is leaf:False   val:0.0000          uct:6.3140         sp/n:754/754    parent:node0      kids:node5     node6     
node3  is good:True   is leaf:False   val:0.0000          uct:6.5120         sp/n:484/484    parent:node1      kids:node7     node8     
node4  is good:False  is leaf:False   val:0.0000          uct:10.8600        sp/n:174/174    parent:node1      kids:node9     node10    
node5  is good:True   is leaf:False   val:0.0000          uct:6.9260         sp/n:458/458    parent:node2      kids:node11    node12    
node6  is good:False  is leaf:False   val:0.0000          uct:8.6150         sp/n:296/296    parent:node2      kids:node13    node14    
node7  is good:True   is leaf:False   val:0.0000          uct:8.7480         sp/n:230/230    parent:node3      kids:node15    node16    
node8  is good:False  is leaf:False   val:0.0000          uct:8.3240         sp/n:254/254    parent:node3      kids:node17    node18    
node9  is good:True   is leaf:False   val:0.0000          uct:10.3770        sp/n:98/98      parent:node4      kids:node19    node20    
node10 is good:False  is leaf:False   val:0.0000          uct:11.7840        sp/n:76/76      parent:node4      kids:node21    node22    
node11 is good:True   is leaf:False   val:0.0000          uct:8.0990         sp/n:261/261    parent:node5      kids:node23    node24    
node12 is good:False  is leaf:True    val:0.0000          uct:9.3230         sp/n:197/197    parent:node5      kids:
node13 is good:True   is leaf:True    val:0.0000          uct:9.4540         sp/n:154/154    parent:node6      kids:
node14 is good:False  is leaf:True    val:0.0000          uct:9.8450         sp/n:142/142    parent:node6      kids:
node15 is good:True   is leaf:True    val:0.0000          uct:10.1400        sp/n:118/118    parent:node7      kids:
node16 is good:False  is leaf:True    val:0.0000          uct:10.4080        sp/n:112/112    parent:node7      kids:
node17 is good:True   is leaf:True    val:0.0000          uct:10.0600        sp/n:126/126    parent:node8      kids:
node18 is good:False  is leaf:True    val:0.0000          uct:9.9810         sp/n:128/128    parent:node8      kids:
node19 is good:True   is leaf:True    val:0.0000          uct:11.0380        sp/n:65/65      parent:node9      kids:
node20 is good:False  is leaf:True    val:0.0000          uct:15.4920        sp/n:33/33      parent:node9      kids:
node21 is good:True   is leaf:True    val:0.0000          uct:12.3130        sp/n:46/46      parent:node10     kids:
node22 is good:False  is leaf:True    val:0.0000          uct:15.2470        sp/n:30/30      parent:node10     kids:
node23 is good:True   is leaf:True    val:0.0000          uct:9.5410         sp/n:142/142    parent:node11     kids:
node24 is good:False  is leaf:True    val:0.0000          uct:10.4220        sp/n:119/119    parent:node11     kids:
----------------------------------------------------------------------------------------------------
=> node1 => node4 => node10 => node22 
[[0.04476601 0.0457026  0.04718679 ... 0.04883066 0.04837678 0.04569831]
 [0.04397803 0.04527164 0.04468479 ... 0.04686185 0.04588088 0.04690103]
 [0.05087522 0.0496106  0.05054242 ... 0.05895735 0.04209657 0.05033425]
 ...
 [0.03872326 0.0643944  0.06545943 ... 0.05844614 0.02979894 0.03334571]
 [0.03947207 0.06446156 0.0642848  ... 0.05795692 0.02911274 0.03286714]
 [0.03848588 0.06402456 0.06503447 ... 0.05812602 0.02903355 0.03172245]]
[[0.04476601 0.0457026  0.04718679 ... 0.04883066 0.04837678 0.04569831]
 [0.04397803 0.04527164 0.04468479 ... 0.04686185 0.04588088 0.04690103]
 [0.05087522 0.0496106  0.05054242 ... 0.05895735 0.04209657 0.05033425]
 ...
 [0.03872326 0.0643944  0.06545943 ... 0.05844614 0.02979894 0.03334571]
 [0.03947207 0.06446156 0.0642848  ... 0.05795692 0.02911274 0.03286714]
 [0.03848588 0.06402456 0.06503447 ... 0.05812602 0.02903355 0.03172245]]
[[0.04476601 0.0457026  0.04718679 ... 0.04883066 0.04837678 0.04569831]
 [0.04397803 0.04527164 0.04468479 ... 0.04686185 0.04588088 0.04690103]
 [0.05087522 0.0496106  0.05054242 ... 0.05895735 0.04209657 0.05033425]
 ...
 [0.03872326 0.0643944  0.06545943 ... 0.05844614 0.02979894 0.03334571]
 [0.03947207 0.06446156 0.0642848  ... 0.05795692 0.02911274 0.03286714]
 [0.03848588 0.06402456 0.06503447 ... 0.05812602 0.02903355 0.03172245]]
[[0.04476601 0.0457026  0.04718679 ... 0.04883066 0.04837678 0.04569831]
 [0.04397803 0.04527164 0.04468479 ... 0.04686185 0.04588088 0.04690103]
 [0.05087522 0.0496106  0.05054242 ... 0.05895735 0.04209657 0.05033425]
 ...
 [0.03872326 0.0643944  0.06545943 ... 0.05844614 0.02979894 0.03334571]
 [0.03947207 0.06446156 0.0642848  ... 0.05795692 0.02911274 0.03286714]
 [0.03848588 0.06402456 0.06503447 ... 0.05812602 0.02903355 0.03172245]]
hopsy sampler acceptance rate: [0.1833333333333333, 0.18333333333333332, 0.17, 0.19333333333333333, 0.18666666666666668, 0.21333333333333335, 0.17666666666666667, 0.19666666666666666, 0.2, 0.17, 0.18666666666666665, 0.16333333333333327, 0.20999999999999996, 0.18999999999999997, 0.19333333333333333, 0.17333333333333334, 0.17666666666666667, 0.17, 0.16999999999999998, 0.16666666666666666, 0.15333333333333335, 0.19333333333333333, 0.14, 0.14666666666666667, 0.2, 0.18666666666666668, 0.15, 0.19666666666666666, 0.1733333333333333, 0.16999999999999996, 0.1766666666666666, 0.1833333333333333, 0.18666666666666668, 0.16666666666666666, 0.16333333333333336, 0.16333333333333327, 0.24000000000000005, 0.1633333333333333, 0.18333333333333332, 0.18000000000000002, 0.2, 0.1366666666666667, 0.1633333333333333, 0.2, 0.21, 0.19666666666666666, 0.13333333333333336, 0.19999999999999998, 0.1933333333333333, 0.17666666666666664, 0.1633333333333333, 0.21333333333333337, 0.18333333333333332, 0.13333333333333336, 0.17333333333333334, 0.19666666666666668, 0.18666666666666668, 0.1933333333333333, 0.16666666666666663, 0.24000000000000005, 0.18, 0.2033333333333333, 0.18666666666666668, 0.19333333333333333, 0.19666666666666668, 0.15333333333333335, 0.16666666666666663, 0.15666666666666668, 0.17666666666666667, 0.19666666666666668, 0.21333333333333335, 0.19333333333333333, 0.1633333333333333, 0.23666666666666664, 0.16666666666666663, 0.1633333333333333, 0.18, 0.19333333333333333, 0.2, 0.18666666666666665]
[[0.04256527 0.04614489 0.04571986 ... 0.04912298 0.04686745 0.04538891]
 [0.04034537 0.04919803 0.04495757 ... 0.05286256 0.050282   0.0466113 ]
 [0.04412403 0.05196442 0.04365649 ... 0.05327276 0.05012524 0.04733399]
 ...
 [0.03181008 0.08218753 0.03035833 ... 0.06846939 0.0303701  0.05053981]
 [0.03174516 0.08067618 0.0282748  ... 0.0674559  0.0317127  0.05262262]
 [0.03011638 0.09350443 0.02752146 ... 0.06892043 0.0339396  0.05953874]]
Using dtype = torch.float32 
Using device = cpu
Starting from fbest = -0.0002065
trust region: lb, ub, center
[0. 0. 0. 0. 0. 0. 0. 0. 0. 0. 0. 0. 0. 0. 0. 0. 0. 0. 0. 0. 0. 0. 0. 0.
 0. 0. 0. 0. 0. 0. 0. 0. 0. 0. 0. 0. 0. 0. 0. 0. 0. 0. 0. 0. 0. 0. 0. 0.
 0. 0. 0. 0. 0. 0. 0. 0. 0. 0. 0. 0. 0. 0. 0. 0. 0. 0. 0. 0. 0. 0. 0. 0.
 0. 0. 0. 0. 0. 0. 0. 0. 0. 0. 0. 0. 0. 0. 0. 0. 0. 0. 0. 0. 0. 0. 0. 0.
 0. 0. 0. 0. 0. 0. 0. 0. 0. 0. 0. 0. 0. 0. 0. 0. 0. 0. 0. 0. 0. 0. 0. 0.
 0. 0. 0. 0. 0. 0. 0. 0. 0. 0. 0. 0. 0. 0. 0. 0. 0. 0. 0. 0. 0. 0. 0. 0.
 0. 0. 0. 0. 0. 0. 0. 0. 0. 0. 0. 0. 0. 0. 0. 0. 0. 0. 0. 0. 0. 0. 0. 0.
 0. 0. 0. 0. 0. 0. 0. 0. 0. 0. 0. 0. 0. 0. 0. 0. 0. 0. 0. 0. 0. 0. 0. 0.
 0. 0. 0. 0. 0. 0. 0. 0. 0. 0. 0. 0. 0. 0. 0. 0. 0. 0. 0. 0. 0. 0. 0. 0.
 0. 0. 0. 0. 0. 0. 0. 0. 0. 0. 0. 0. 0. 0. 0. 0. 0. 0. 0. 0. 0. 0. 0. 0.
 0. 0. 0. 0. 0. 0. 0. 0. 0. 0. 0. 0. 0. 0. 0. 0. 0. 0. 0. 0. 0. 0. 0. 0.
 0. 0. 0. 0. 0. 0. 0. 0. 0. 0. 0. 0. 0. 0. 0. 0. 0. 0. 0. 0. 0. 0. 0. 0.
 0. 0. 0. 0. 0. 0. 0. 0. 0. 0. 0. 0. 0. 0. 0. 0. 0. 0. 0. 0. 0. 0. 0. 0.
 0. 0. 0. 0. 0. 0. 0. 0. 0. 0. 0. 0. 0. 0. 0. 0. 0. 0. 0. 0. 0. 0. 0. 0.
 0. 0. 0. 0. 0. 0. 0. 0. 0. 0. 0. 0. 0. 0. 0. 0. 0. 0. 0. 0. 0. 0. 0. 0.
 0. 0. 0. 0. 0. 0. 0. 0. 0. 0. 0. 0. 0. 0. 0. 0. 0. 0. 0. 0. 0. 0. 0. 0.
 0. 0. 0. 0. 0. 0. 0. 0. 0. 0. 0. 0. 0. 0. 0. 0. 0. 0. 0. 0. 0. 0. 0. 0.
 0. 0. 0. 0. 0. 0. 0. 0. 0. 0. 0. 0. 0. 0. 0. 0. 0. 0. 0. 0. 0. 0. 0. 0.
 0. 0. 0. 0. 0. 0. 0. 0. 0. 0. 0. 0. 0. 0. 0. 0. 0. 0. 0. 0. 0. 0. 0. 0.
 0. 0. 0. 0. 0. 0. 0. 0. 0. 0. 0. 0. 0. 0. 0. 0. 0. 0. 0. 0. 0. 0. 0. 0.
 0. 0. 0. 0. 0. 0. 0. 0. 0. 0. 0. 0. 0. 0. 0. 0. 0. 0. 0. 0. 0. 0. 0. 0.
 0. 0. 0. 0. 0. 0. 0. 0. 0. 0. 0. 0. 0. 0. 0. 0. 0. 0. 0. 0. 0. 0. 0. 0.
 0. 0. 0. 0. 0. 0. 0. 0. 0. 0. 0. 0. 0. 0. 0. 0. 0. 0. 0. 0. 0. 0. 0. 0.
 0. 0. 0. 0. 0. 0. 0. 0. 0. 0. 0. 0. 0. 0. 0. 0. 0. 0. 0. 0. 0. 0. 0. 0.
 0. 0. 0. 0. 0. 0. 0. 0. 0. 0. 0. 0. 0. 0. 0. 0. 0. 0. 0. 0. 0. 0. 0. 0.
 0. 0. 0. 0. 0. 0. 0. 0. 0. 0. 0. 0. 0. 0. 0. 0. 0. 0. 0. 0. 0. 0. 0. 0.
 0. 0. 0. 0. 0. 0. 0. 0. 0. 0. 0. 0. 0. 0. 0. 0. 0. 0. 0. 0. 0. 0. 0. 0.
 0. 0. 0. 0. 0. 0. 0. 0. 0. 0. 0. 0. 0. 0. 0. 0. 0. 0. 0. 0. 0. 0. 0. 0.
 0. 0. 0. 0. 0. 0. 0. 0. 0. 0. 0. 0. 0. 0. 0. 0. 0. 0. 0. 0. 0. 0. 0. 0.
 0. 0. 0. 0. 0. 0. 0. 0. 0.]
[0.54605209 0.36797958 0.22262129 1.         0.46667322 0.26040645
 0.25562523 0.29150169 0.38854895 0.66643213 0.21424897 0.24580348
 0.66871283 0.46322186 0.70758735 0.40901927 0.50996564 0.28815808
 0.75703314 0.55241182 0.27290673 0.39530648 0.23722294 0.86575405
 0.37372981 0.39850352 0.21448071 0.32651601 0.2259665  0.20382017
 0.28749194 0.39945584 1.         0.19844246 0.56813256 0.36363392
 0.35790778 0.31952288 0.73498301 0.20863843 1.         0.18356995
 0.59330769 0.34308734 0.56906956 0.384878   0.21898693 0.97993135
 0.36778623 0.5679684  0.57734036 0.48518841 1.         0.1630691
 0.46341606 0.23517793 0.59648173 0.41081953 0.77314619 0.24679517
 0.69287597 0.39241861 0.24247149 0.51780528 0.80266006 0.87050294
 0.41518617 0.51657488 0.4190833  1.         0.43667522 0.55965166
 0.21445743 0.21395586 0.22309188 0.23580526 0.67077454 0.35960295
 0.31763149 0.4126885  0.19937728 0.26582324 0.42772453 0.20473232
 1.         0.78730139 0.23349743 0.71089965 1.         0.41219272
 0.50473673 0.23546918 0.5466908  0.20142523 0.21426947 0.90136186
 0.78864379 0.28993543 0.62784007 0.37591431 0.35472792 0.14855449
 0.19480942 0.51937339 1.         0.4662254  0.26407891 0.71278458
 0.21419567 0.49599627 0.32603873 0.23033668 0.34972389 0.24231778
 0.41069078 0.32893434 1.         0.46828439 0.5705008  0.24331058
 0.52046307 0.52208109 0.31902791 0.216987   0.25316038 0.98040136
 0.32867083 0.25513196 0.41798668 1.         0.36169444 0.1678936
 0.26088967 0.26689788 0.210172   0.29717793 1.         0.27836654
 0.58799801 0.24095816 0.2385746  0.9731876  0.44914578 1.
 0.7851346  0.24740921 0.20608395 0.37670095 0.44801075 0.30294518
 0.24371208 0.45111769 0.71030286 0.20896155 0.33730854 1.
 0.25859963 0.40675935 0.95699717 0.41545138 0.35242348 0.30787861
 0.39773066 0.22577486 0.31380051 1.         0.37508324 0.56934257
 1.         0.54442369 1.         0.23581767 0.2791976  0.37193479
 0.32012668 0.60041257 1.         0.334272   1.         0.4627168
 0.24479949 0.21615459 1.         0.9229968  0.44915501 0.62214725
 1.         0.34029471 0.54555252 0.79733969 0.18383043 0.25347088
 0.41021223 1.         1.         0.26887146 0.45427408 0.2088709
 0.30740287 0.49253721 0.33655286 0.84195072 0.23824558 1.
 0.24602807 0.20959037 0.47365758 0.30859947 1.         0.50011935
 0.33305245 0.40324704 0.1765783  0.26832414 1.         0.36902636
 0.25203587 0.76184257 0.32117995 1.         1.         0.54215436
 1.         0.6139613  0.40366533 0.43371899 0.64046851 0.7150044
 0.44665632 0.23528608 0.22134404 0.62468443 0.22331347 0.31843714
 0.61367569 0.52722033 0.44573972 1.         0.25053852 0.7094433
 0.69583404 0.52922836 0.36259928 0.33040143 0.30349436 0.21987683
 0.34032972 0.29649238 0.30019483 0.26593578 0.25207335 1.
 0.33518037 0.94882298 0.28507752 0.5984645  0.31547514 0.52192579
 0.28252857 1.         0.7949478  0.52443359 0.97736202 0.27671744
 0.30369888 0.77625665 0.72972635 0.57100397 0.18247983 0.24764695
 0.26382982 1.         0.39550985 0.21716818 0.35756597 0.3687809
 0.68676786 0.66678457 0.29421325 0.22645252 1.         0.28318532
 0.2229589  0.37241928 0.95669249 0.3658618  0.20683061 0.51589079
 0.50653217 1.         0.27061268 0.64261494 0.6701773  0.80184001
 0.16125497 0.38954931 0.46820443 0.35561211 0.31040141 0.97960356
 0.53910446 0.26982145 0.80294951 0.25993492 0.23489508 0.21489762
 0.25306686 0.89007122 1.         0.40038936 0.69601411 0.47487784
 0.37340357 0.41500835 0.43412739 0.38358518 0.67022227 1.
 0.5073868  0.52718756 0.51848422 0.5044652  1.         0.21253429
 0.57107825 0.24545206 0.37535482 0.9221745  0.21341634 0.30714807
 0.22428325 1.         0.3528565  0.31630487 0.92033604 0.15065932
 0.30140118 0.20958505 0.27221024 0.79113758 1.         0.50424867
 0.33125617 0.4858093  0.188088   0.40609635 0.19396133 1.
 0.20460881 0.18536147 0.8678824  0.45118628 0.40465878 0.21903635
 0.26782261 0.54507113 0.28180622 0.46119528 0.43759006 0.48146585
 0.26767512 0.39541337 0.25184189 0.61549431 1.         0.78043604
 0.19557917 0.65950547 0.35973366 0.25508522 0.61040313 0.59143161
 0.61653362 0.38170835 0.23846706 0.58834188 0.72603273 0.73950504
 0.27353398 0.37444722 1.         1.         0.3214985  0.86063815
 0.54097544 0.28104484 0.70218989 0.30705544 0.27372261 0.91312075
 0.70777623 0.63289203 1.         1.         0.78832071 0.35240521
 0.44755808 0.91213661 0.37627617 0.95477915 0.23515652 0.67665551
 0.24616272 0.30044519 1.         0.22266524 1.         1.
 1.         0.54004869 0.62635502 0.39595182 0.31846529 0.2443268
 0.36685833 0.27783033 0.21737381 0.25185723 0.71814691 0.23768185
 0.42435905 0.48445339 0.24591419 0.34346468 0.2751837  0.36649261
 0.47314205 1.         1.         0.24559201 0.22969497 0.6688395
 0.4360569  0.31154076 0.9733573  1.         0.88736426 0.21953474
 0.33538235 0.55927127 0.24806101 0.59751247 0.28015067 0.3196979
 0.19131755 0.22011909 0.21924812 0.7824629  0.88992229 0.65058603
 0.30158615 0.43248019 0.46018369 1.         0.51861475 0.24078292
 0.54203006 0.34022159 0.33027335 0.29587529 0.30660593 0.55752892
 0.28226974 0.63202667 0.37624171 0.40730332 0.5174221  0.46253013
 0.65661426 0.30199401 0.73679981 0.21992779 0.22363978 0.99919106
 0.2455842  0.2002186  0.30275323 0.29693066 0.47588899 0.76538773
 1.         0.21065327 1.         1.         0.29323364 0.74966119
 1.         1.         0.32913365 1.         1.         0.40102398
 0.24448963 0.292416   1.         0.35401034 0.52637315 0.41882235
 0.55503972 0.53098875 0.70113702 0.35335829 0.27501558 0.99179338
 0.29360315 0.255037   0.34575028 0.83096594 0.41393381 0.28075482
 0.93693554 0.87385319 0.55174362 0.19554311 0.21492403 0.28036323
 1.         0.6631014  0.36947855 0.91930741 0.3480085  0.56486841
 0.53274021 0.32195438 0.2885029  0.41331804 0.20698719 0.674307
 0.39496678 0.55041019 0.9831957  0.30835954 0.71628478 0.25815398
 0.29882839 0.64996622 0.28199074 0.77928103 0.54405318 0.51478443
 1.         0.37250385 0.5629909  0.27325283 0.67389861 0.38958021
 1.         0.67441471 0.23266179 0.25101565 0.61367204 0.4472054
 0.1920222  0.25546363 0.46569031 0.36829401 1.         0.81033811
 0.65852913 0.34339894 0.23695817 0.33113101 0.50474813 0.54170018
 0.24298937 0.38577336 0.51838061 1.         0.96412457 0.45413507
 0.38690403 0.33731151 0.72244421 0.29401635 0.44635311 0.26120066
 1.         0.26244179 0.23289231 0.29145724 0.32898819 0.53411687
 0.32138964 0.30495033 0.8190474  0.22439202 0.27103969 0.55398195
 1.         0.83521949 0.36049641 1.         0.4457812  0.2103907
 0.23889931 0.41616412 0.27029727 0.31205407 0.50909293 1.
 0.63143307 0.36246555 0.42295236 0.48803298 1.         0.58001
 0.26172845 0.31068862 1.         0.24052023 0.32041261 0.72600005
 0.7099357  0.71641512 0.32546085 0.64243371 0.31750791 0.62586194
 0.52655237 0.32546844 0.7104015  0.34062134 0.2276345  0.37464806
 0.843451   0.34166541 0.34150216 0.27326029 0.29720597 0.48701632
 0.38200546 0.93112789 0.35430327 0.22668679 0.23415287 0.38809356
 1.         0.52326365 0.22578152 1.         0.21603411 0.54300532
 0.6623793  0.41023407 0.38574791 0.29833662 0.29204122 0.40627075
 0.75221231 0.23356428 0.23146726 1.         0.45376347 0.77879942
 0.40511244 0.27447993 1.         0.40384281 0.59774938 0.41316909
 0.36050798 0.23909288 0.22348441 0.30813192 0.24426437 0.22891823
 0.80424543 0.44730283 1.         0.51739498 0.26122557 0.80246813
 0.24752185 0.50506205 0.32186881 0.31846042 1.         0.66887064
 0.35453698 0.24944577 0.22940609 0.45132055 0.28320039 0.92696348
 0.76647645 0.76511196 0.3800608  0.22879203 0.23026783 0.50602827
 0.99304552 0.53598435 0.20981736 0.42083857 1.         0.82344441
 0.30170216 1.         0.74068181 0.38227048 0.86446729 0.50412791
 0.24984352 0.22163563 0.54286851]
[0.04040747 0.06102646 0.04707996 0.04051829 0.05307733 0.05835965
 0.0585265  0.06229851 0.05119132 0.04090446 0.05526302 0.03405833
 0.05752881 0.0435942  0.05164863 0.05266551 0.04587472 0.06369452
 0.05558583 0.04517095 0.04187755 0.04707983 0.04718789 0.05991191
 0.0457725  0.04079614 0.05583999 0.04371989 0.04461222 0.03643428
 0.05100952 0.05519697 0.04379476 0.04263471 0.05130433 0.03755789
 0.03772522 0.05008439 0.04723228 0.0444637  0.05023855 0.04398272
 0.04900414 0.04113482 0.04449567 0.05196817 0.05543803 0.02926908
 0.04254966 0.0480732  0.03835519 0.04972201 0.04158036 0.04039015
 0.05197903 0.04690068 0.04376874 0.04332551 0.05180125 0.05165793
 0.05156346 0.0466299  0.04567673 0.06421143 0.04161135 0.05379334
 0.05488204 0.04504116 0.03441772 0.04777185 0.04690087 0.04391411
 0.04408431 0.05574403 0.04314606 0.04889988 0.03997245 0.0419651
 0.05192279 0.04893384 0.04484195 0.03452708 0.05162779 0.04576563
 0.04465034 0.04726526 0.03556146 0.05048602 0.046659   0.0645272
 0.04663794 0.03873399 0.04708279 0.04620798 0.0408264  0.05878225
 0.05226065 0.03864552 0.04672484 0.03695505 0.05013092 0.04550179
 0.04877424 0.05357433 0.03930867 0.05406734 0.05205786 0.05548048
 0.04492523 0.05027121 0.0398832  0.04074245 0.03795385 0.04120162
 0.03955495 0.04652805 0.05153689 0.0450276  0.04793093 0.04017899
 0.04707259 0.04595844 0.04552921 0.05158948 0.04420283 0.04576638
 0.04353032 0.04449062 0.06190497 0.06566521 0.04972156 0.0458485
 0.04537736 0.0544227  0.05382394 0.06363317 0.0449519  0.05043965
 0.05554013 0.0652332  0.04954802 0.04174997 0.05538423 0.04472817
 0.04723755 0.06244191 0.03973427 0.04149613 0.05358097 0.04683407
 0.0413204  0.04739447 0.04552917 0.03214871 0.04268317 0.04813695
 0.05199724 0.05772071 0.03886926 0.04470701 0.06940784 0.04282656
 0.03892934 0.05416165 0.04685269 0.04576228 0.03911732 0.0555188
 0.05447551 0.05551436 0.04308564 0.04731267 0.04246473 0.04370338
 0.04551933 0.05067619 0.04239528 0.0618401  0.04053017 0.04712216
 0.05261897 0.04058047 0.04839669 0.04061822 0.04621119 0.05074868
 0.0426643  0.04989608 0.04247795 0.05202708 0.03492741 0.04531566
 0.03715622 0.04175471 0.04953427 0.05094526 0.04356581 0.04310103
 0.06019665 0.05995907 0.05209019 0.0546669  0.04134432 0.04882812
 0.04771144 0.04409345 0.04476655 0.04666913 0.04101651 0.04315677
 0.04500896 0.04400948 0.05157151 0.0478869  0.04265478 0.0408443
 0.05080532 0.04067992 0.04632626 0.05470085 0.04266485 0.05358142
 0.0446834  0.05259335 0.04978177 0.04857112 0.04514507 0.05045201
 0.06924282 0.05847016 0.05398745 0.0633457  0.0549941  0.04896611
 0.04270626 0.0585033  0.06157679 0.04559249 0.04834508 0.06248652
 0.05283813 0.04506108 0.04199032 0.0361121  0.08284659 0.04545428
 0.05135656 0.02908359 0.05055076 0.05832751 0.04986332 0.04207332
 0.04626088 0.05842747 0.05601223 0.06477303 0.04285223 0.04994833
 0.05339122 0.03654106 0.05306363 0.04106992 0.05526076 0.04734155
 0.04361355 0.04222663 0.04280901 0.05026168 0.03244004 0.03543033
 0.06935658 0.04550106 0.03295555 0.05106585 0.04503104 0.05002268
 0.06476866 0.06338157 0.04137482 0.04679075 0.05822424 0.04522056
 0.03963528 0.06025562 0.04753664 0.04557617 0.05266889 0.04773145
 0.04030732 0.04885099 0.05175456 0.03575251 0.0424855  0.04658308
 0.03544523 0.03615838 0.05909216 0.05031819 0.05652544 0.04833106
 0.05437234 0.04184416 0.04564024 0.04963715 0.04940264 0.04626651
 0.04604667 0.03569887 0.05082326 0.05370152 0.05137735 0.05698768
 0.04484097 0.056922   0.04797674 0.05432927 0.03940194 0.03863404
 0.0481176  0.05521212 0.05305066 0.04674242 0.04041374 0.04251957
 0.04190506 0.04593722 0.03976759 0.05149831 0.04354434 0.04104592
 0.04266512 0.04060126 0.05998004 0.05939971 0.05608774 0.04577052
 0.06406655 0.0435941  0.05324014 0.04164707 0.03789581 0.04882812
 0.05045873 0.04245129 0.03996329 0.05432872 0.07110611 0.05058925
 0.04702723 0.06084021 0.04128147 0.04922472 0.04732929 0.041632
 0.04865452 0.04556272 0.03807906 0.04240171 0.04467799 0.05331545
 0.04735379 0.05840872 0.0421782  0.04900019 0.03940993 0.03467587
 0.03823906 0.03841997 0.03786535 0.03906342 0.05384045 0.04637885
 0.04601507 0.03639576 0.03987558 0.03769086 0.04385497 0.04762249
 0.05593611 0.05954376 0.04308381 0.05792208 0.04917065 0.05767575
 0.05727428 0.06361133 0.06161545 0.05077324 0.02875039 0.03781941
 0.04103032 0.05841186 0.05867428 0.04905581 0.0497219  0.04545154
 0.0571074  0.04599875 0.04889983 0.04541917 0.05031821 0.04062992
 0.0423477  0.05424656 0.04135886 0.06331827 0.04606939 0.0441547
 0.05087474 0.05023896 0.04657083 0.05545841 0.04642924 0.04812791
 0.05445226 0.04615206 0.04894909 0.04816035 0.0524545  0.04618837
 0.04198152 0.04335816 0.05599417 0.04937663 0.04754389 0.04738396
 0.04875506 0.0456585  0.03833475 0.0505372  0.05153813 0.04822227
 0.05991559 0.03401825 0.05129776 0.04565663 0.04970896 0.05323874
 0.04449157 0.03782354 0.04534166 0.04417957 0.04622088 0.0462615
 0.04337101 0.0388041  0.04190907 0.04482649 0.0454756  0.04062477
 0.06262869 0.05525046 0.04495394 0.04399649 0.05538433 0.05726296
 0.04903182 0.04686643 0.06743958 0.05215898 0.05782699 0.04614789
 0.05356969 0.04594527 0.05326388 0.04998429 0.05668128 0.04133352
 0.03817301 0.04611481 0.05689169 0.04967713 0.04359926 0.04866215
 0.05114051 0.04656357 0.04778172 0.03918847 0.04128394 0.05341646
 0.04113983 0.04359749 0.06385363 0.04382984 0.04956971 0.05081392
 0.05196497 0.05105753 0.04152123 0.04609027 0.03895967 0.04069485
 0.04144776 0.0638637  0.04721977 0.04548569 0.04908513 0.06051641
 0.05442905 0.04081631 0.04351018 0.05116251 0.0506071  0.04306191
 0.05089427 0.04326946 0.05198952 0.03721209 0.04838472 0.04536944
 0.03583363 0.03726203 0.04865445 0.04849108 0.03198852 0.05365234
 0.05828489 0.03785346 0.04261379 0.04604524 0.04031107 0.04105883
 0.04290539 0.05248951 0.04886043 0.0546492  0.05053999 0.04987079
 0.04927386 0.04950615 0.05941927 0.05501072 0.04662822 0.04154872
 0.04730044 0.04985434 0.04141317 0.05078567 0.04360513 0.04603258
 0.04474815 0.06363862 0.04381044 0.04189402 0.04301342 0.04518076
 0.04450138 0.0399976  0.0434907  0.04147473 0.06604906 0.04325161
 0.04648418 0.04619918 0.0456606  0.04168297 0.04769052 0.04631291
 0.05517461 0.04337846 0.04497382 0.04127401 0.05333438 0.04580931
 0.04852553 0.04197626 0.04616697 0.03780579 0.0417472  0.05014055
 0.05920913 0.04566851 0.04284519 0.05057687 0.04504934 0.04945958
 0.04276219 0.0553881  0.04643969 0.04017883 0.06675849 0.05016064
 0.05376633 0.03842143 0.05808413 0.0477682  0.04266925 0.04571969
 0.04929578 0.05031669 0.05477081 0.05958631 0.04333915 0.0445884
 0.04820044 0.05021249 0.05085888 0.03984566 0.05453712 0.06732079
 0.04799326 0.05516918 0.03359437 0.05559679 0.04423973 0.03953909
 0.04891209 0.05524326 0.05314969 0.03480835 0.04160971 0.04469417
 0.04960059 0.05794003 0.04061245 0.05845724 0.04218931 0.05278953
 0.04772846 0.05344828 0.04789089 0.04184527 0.04558823 0.05291109
 0.05296571 0.05312084 0.05975239 0.04405659 0.0605744  0.04255207
 0.04036229 0.04153431 0.05210293 0.05359939 0.04348087 0.04544594
 0.03814661 0.04264324 0.05071806 0.05107045 0.03968495 0.05151757
 0.04679318 0.04924735 0.05175897 0.05329852 0.04685727 0.05053885
 0.03797261 0.03852135 0.04431932 0.04971792 0.04547267 0.05053849
 0.06259391 0.06193099 0.04329231 0.05570632 0.04774169 0.05652572
 0.04989084 0.0492993  0.05274415 0.04557746 0.05502871 0.04499862
 0.04629294 0.05222574 0.04184737 0.05020684 0.05173539 0.04513662
 0.04225484 0.0466599  0.04433556 0.05675895 0.05763632 0.03930581
 0.04739355 0.03898974 0.05059352 0.04830084 0.05179732 0.05363399
 0.05357228 0.0516349  0.04588201 0.03713379 0.04780336 0.03989653
 0.05755902 0.03952751 0.04386929 0.04232896 0.0571264  0.04453008
 0.04898971 0.03855178 0.02981505 0.04763213 0.04272009 0.04575782
 0.05754972 0.0426644  0.05424788]
slurmstepd: error: *** JOB 46707799 ON udc-an33-1c1 CANCELLED AT 2023-02-10T21:37:20 ***
